[debug] [2021-09-03T12:58:11.546Z] ----------------------------------------------------------------------
[debug] [2021-09-03T12:58:11.549Z] Command:       C:\Program Files\nodejs\node.exe C:\Users\abhinav.sinha\AppData\Roaming\npm\node_modules\firebase-tools\lib\bin\firebase.js init --interactive
[debug] [2021-09-03T12:58:11.550Z] CLI Version:   9.17.0
[debug] [2021-09-03T12:58:11.550Z] Platform:      win32
[debug] [2021-09-03T12:58:11.550Z] Node Version:  v14.17.3
[debug] [2021-09-03T12:58:11.551Z] Time:          Fri Sep 03 2021 14:58:11 GMT+0200 (Central European Summer Time)
[debug] [2021-09-03T12:58:11.551Z] ----------------------------------------------------------------------
[debug] 
[debug] [2021-09-03T12:58:11.642Z] > command requires scopes: ["email","openid","https://www.googleapis.com/auth/cloudplatformprojects.readonly","https://www.googleapis.com/auth/firebase","https://www.googleapis.com/auth/cloud-platform"]
[debug] [2021-09-03T12:58:11.643Z] > authorizing via signed-in user (asinha093@gmail.com)
[info] 
     ######## #### ########  ######## ########     ###     ######  ########
     ##        ##  ##     ## ##       ##     ##  ##   ##  ##       ##
     ######    ##  ########  ######   ########  #########  ######  ######
     ##        ##  ##    ##  ##       ##     ## ##     ##       ## ##
     ##       #### ##     ## ######## ########  ##     ##  ######  ########

You're about to initialize a Firebase project in this directory:

  C:\Users\abhinav.sinha\github\myhtml

Before we get started, keep in mind:

  * You are initializing within an existing Firebase project directory

[info] 
=== Project Setup
[info] 
[info] First, let's associate this project directory with a Firebase project.
[info] You can create multiple project aliases by running firebase use --add, 
[info] but for now we'll just set up a default project.
[info] 
[info] i  .firebaserc already has a default project, using myhtml. 
[debug] [2021-09-03T12:58:17.582Z] >>> [apiv2][query] GET https://firebase.googleapis.com/v1beta1/projects/myhtml [none]
[debug] [2021-09-03T12:58:18.066Z] <<< [apiv2][status] GET https://firebase.googleapis.com/v1beta1/projects/myhtml 403
[debug] [2021-09-03T12:58:18.067Z] <<< [apiv2][body] GET https://firebase.googleapis.com/v1beta1/projects/myhtml {"error":{"code":403,"message":"The caller does not have permission","status":"PERMISSION_DENIED"}}
[debug] [2021-09-03T12:58:18.068Z] HTTP Error: 403, The caller does not have permission
[debug] [2021-09-03T12:58:18.168Z] FirebaseError: HTTP Error: 403, The caller does not have permission
    at module.exports (C:\Users\abhinav.sinha\AppData\Roaming\npm\node_modules\firebase-tools\lib\responseToError.js:38:12)
    at Client.doRequest (C:\Users\abhinav.sinha\AppData\Roaming\npm\node_modules\firebase-tools\lib\apiv2.js:238:23)
    at processTicksAndRejections (internal/process/task_queues.js:95:5)
    at async Client.request (C:\Users\abhinav.sinha\AppData\Roaming\npm\node_modules\firebase-tools\lib\apiv2.js:96:20)
    at async Object.getFirebaseProject (C:\Users\abhinav.sinha\AppData\Roaming\npm\node_modules\firebase-tools\lib\management\projects.js:290:21)
    at async Object.doSetup [as project] (C:\Users\abhinav.sinha\AppData\Roaming\npm\node_modules\firebase-tools\lib\init\features\project.js:77:27)
    at async init (C:\Users\abhinav.sinha\AppData\Roaming\npm\node_modules\firebase-tools\lib\init\index.js:19:9)
[error] 
[error] Error: Failed to get Firebase project myhtml. Please make sure the project exists and your account has permission to access it.
